<?xml version="1.0" encoding="UTF-8"?>
<!-- Generated by org.testng.reporters.JUnitXMLReporter -->
<testsuite hostname="DESKTOP-VB164NU" ignored="2" name="Test" tests="4" failures="1" timestamp="2022-07-14T16:12:01 IST" time="205.551" errors="0">
  <testcase name="andDeletecontactAndVerifyDeleteTest" time="43.164" classname="com.crm.concasttt.ContactTest.ContactTest">
    <failure type="java.lang.AssertionError" message="The following asserts failed:
	expected [B] but found [A]">
      <![CDATA[java.lang.AssertionError: The following asserts failed:
expected [B] but found [A]
at com.crm.concasttt.ContactTest.ContactTest.andDeletecontactAndVerifyDeleteTest(ContactTest.java:60)
at java.util.ArrayList.forEach(ArrayList.java:1259)
... Removed 29 stack frames]]>
    </failure>
  </testcase> <!-- andDeletecontactAndVerifyDeleteTest -->
  <testcase name="createContactVerifyTest" time="29.599" classname="com.crm.concasttt.ContactTest.ContactTest"/>
  <testcase name="createContactWithOrganization" time="31.164" classname="com.crm.concasttt.ContactTest.ContactTest"/>
  <testcase name="createCampaign" time="25.687" classname="com.crm.concasttt.CompaignTest.CampaignTest"/>
  <testcase name="@AfterSuite configAS" time="0.0" classname="com.crm.concasttt.Genericutility.BaseClass">
    <ignored/>
  </testcase> <!-- @AfterSuite configAS -->
  <testcase name="@BeforeSuite configBs" time="0.0" classname="com.crm.concasttt.Genericutility.BaseClass">
    <ignored/>
  </testcase> <!-- @BeforeSuite configBs -->
</testsuite> <!-- Test -->
